#
# There is insufficient memory for the Java Runtime Environment to continue.
# Native memory allocation (mmap) failed to map 16777216 bytes for Failed to commit area from 0x00000000ff000000 to 0x0000000100000000 of length 16777216.
# Possible reasons:
#   The system is out of physical RAM or swap space
#   The process is running with CompressedOops enabled, and the Java Heap may be blocking the growth of the native heap
# Possible solutions:
#   Reduce memory load on the system
#   Increase physical memory or swap space
#   Check if swap backing store is full
#   Decrease Java heap size (-Xmx/-Xms)
#   Decrease number of Java threads
#   Decrease Java thread stack sizes (-Xss)
#   Set larger code cache with -XX:ReservedCodeCacheSize=
# This output file may be truncated or incomplete.
#
#  Out of Memory Error (t:/workspace/open/src/hotspot/os/windows/os_windows.cpp:3221), pid=20628, tid=11756
#
# JRE version:  (10.0.1+10) (build )
# Java VM: Java HotSpot(TM) 64-Bit Server VM (10.0.1+10, interpreted mode, tiered, compressed oops, g1 gc, windows-amd64)
# No core dump will be written. Minidumps are not enabled by default on client versions of Windows
#

---------------  S U M M A R Y ------------

Command Line: -Xmx16m -Xms16m -Xint -Xnoclassgc D:\Program Files\Coverity\Coverity Analysis\jars\show-version.jar

Host: Intel(R) Core(TM) i7-8550U CPU @ 1.80GHz, 8 cores, 15G,  Windows 10 , 64 bit Build 17134 (10.0.17134.1)
Time: Thu Dec 06 00:24:55 2018 Horário brasileiro de verão elapsed time: 0 seconds (0d 0h 0m 0s)

---------------  T H R E A D  ---------------

Current thread (0x000001f425ec4000):  JavaThread "Unknown thread" [_thread_in_vm, id=11756, stack(0x00000069d8500000,0x00000069d8600000)]

Stack: [0x00000069d8500000,0x00000069d8600000]
Native frames: (J=compiled Java code, j=interpreted, Vv=VM code, C=native code)
V  [jvm.dll+0x5a0369]
V  [jvm.dll+0x6bcf81]
V  [jvm.dll+0x6be176]
V  [jvm.dll+0x6be803]
V  [jvm.dll+0x234998]
V  [jvm.dll+0x59dc74]
V  [jvm.dll+0x592ab5]
V  [jvm.dll+0x2f625b]
V  [jvm.dll+0x2f61c5]
V  [jvm.dll+0x2f60a2]
V  [jvm.dll+0x2f8286]
V  [jvm.dll+0x3440d3]
V  [jvm.dll+0x3447e6]
V  [jvm.dll+0x3441d3]
V  [jvm.dll+0x2c43b8]
V  [jvm.dll+0x2c5501]
V  [jvm.dll+0x69d33b]
V  [jvm.dll+0x69eb5c]
V  [jvm.dll+0x351849]
V  [jvm.dll+0x6859c2]
V  [jvm.dll+0x3ba0a3]
V  [jvm.dll+0x3bc201]
C  [java.exe+0x3531]
C  [java.exe+0xe1af]
C  [java.exe+0xe356]
C  [KERNEL32.DLL+0x13034]
C  [ntdll.dll+0x71471]


---------------  P R O C E S S  ---------------

Threads class SMR info:
_java_thread_list=0x000001f425dcec60, length=0, elements={
}

Java Threads: ( => current thread )

Other Threads:
  0x000001f425ede800 GCTaskThread "GC Thread#0" [stack: 0x00000069d8600000,0x00000069d8700000] [id=8468]
  0x000001f425ee0000 GCTaskThread "GC Thread#1" [stack: 0x00000069d8700000,0x00000069d8800000] [id=16172]
  0x000001f425ee2800 GCTaskThread "GC Thread#2" [stack: 0x00000069d8800000,0x00000069d8900000] [id=11076]
  0x000001f425ee5000 GCTaskThread "GC Thread#3" [stack: 0x00000069d8900000,0x00000069d8a00000] [id=23220]
  0x000001f425ee7800 GCTaskThread "GC Thread#4" [stack: 0x00000069d8a00000,0x00000069d8b00000] [id=9480]
  0x000001f425eec800 GCTaskThread "GC Thread#5" [stack: 0x00000069d8b00000,0x00000069d8c00000] [id=24236]
  0x000001f425ef5000 GCTaskThread "GC Thread#6" [stack: 0x00000069d8c00000,0x00000069d8d00000] [id=26200]
  0x000001f425ef6800 GCTaskThread "GC Thread#7" [stack: 0x00000069d8d00000,0x00000069d8e00000] [id=20900]
  0x000001f425eff800 ConcurrentGCThread "G1 Main Marker" [stack: 0x00000069d8e00000,0x00000069d8f00000] [id=14548]
  0x000001f425f04800 ConcurrentGCThread "G1 Conc#0" [stack: 0x00000069d8f00000,0x00000069d9000000] [id=604]
  0x000001f425f05800 ConcurrentGCThread "G1 Conc#1" [stack: 0x00000069d9000000,0x00000069d9100000] [id=25196]

[error occurred during error reporting (printing all threads), id 0xe0000002]

VM state:not at safepoint (not fully initialized)

VM Mutex/Monitor currently owned by a thread:  ([mutex/lock_event])
[0x000001f425ec2070] Heap_lock - owner thread: 0x000001f425ec4000

Heap address: 0x00000000ff000000, size: 16 MB, Compressed Oops mode: Non-zero based: 0x00000000ff000000
Narrow klass base: 0x0000000000000000, Narrow klass shift: 0

GC Heap History (0 events):
No events

Deoptimization events (0 events):
No events

Classes redefined (0 events):
No events

Internal exceptions (0 events):
No events

Events (0 events):
No events


Dynamic libraries:
0x00007ff720b40000 - 0x00007ff720b7e000 	D:\Program Files\Coverity\Coverity Analysis\jre10\bin\java.exe
0x00007ffdb6f60000 - 0x00007ffdb7141000 	C:\Windows\SYSTEM32\ntdll.dll
0x00007ffdb4b20000 - 0x00007ffdb4bd2000 	C:\Windows\System32\KERNEL32.DLL
0x00007ffdb3770000 - 0x00007ffdb39e3000 	C:\Windows\System32\KERNELBASE.dll
0x00007ffdb5a30000 - 0x00007ffdb5ad1000 	C:\Windows\System32\ADVAPI32.dll
0x00007ffdb4a20000 - 0x00007ffdb4abe000 	C:\Windows\System32\msvcrt.dll
0x00007ffdb5480000 - 0x00007ffdb54db000 	C:\Windows\System32\sechost.dll
0x00007ffdb5900000 - 0x00007ffdb5a24000 	C:\Windows\System32\RPCRT4.dll
0x00007ffdb43f0000 - 0x00007ffdb4580000 	C:\Windows\System32\USER32.dll
0x00007ffdb3400000 - 0x00007ffdb3420000 	C:\Windows\System32\win32u.dll
0x00007ffdb5030000 - 0x00007ffdb5058000 	C:\Windows\System32\GDI32.dll
0x00007ffdb3480000 - 0x00007ffdb3612000 	C:\Windows\System32\gdi32full.dll
0x00007ffdb36d0000 - 0x00007ffdb376f000 	C:\Windows\System32\msvcp_win.dll
0x00007ffdb3be0000 - 0x00007ffdb3cda000 	C:\Windows\System32\ucrtbase.dll
0x00007ffda2700000 - 0x00007ffda2969000 	C:\Windows\WinSxS\amd64_microsoft.windows.common-controls_6595b64144ccf1df_6.0.17134.407_none_fb449d63306391e9\COMCTL32.dll
0x00007ffdab770000 - 0x00007ffdab77a000 	C:\Windows\SYSTEM32\VERSION.dll
0x00007ffdb46f0000 - 0x00007ffdb4a12000 	C:\Windows\System32\combase.dll
0x00007ffdb3380000 - 0x00007ffdb33fa000 	C:\Windows\System32\bcryptPrimitives.dll
0x00007ffdb5440000 - 0x00007ffdb546d000 	C:\Windows\System32\IMM32.DLL
0x00007ffd739b0000 - 0x00007ffd73a9f000 	D:\Program Files\Coverity\Coverity Analysis\jre10\bin\msvcr120.dll
0x00007ffd7fef0000 - 0x00007ffd7ff96000 	D:\Program Files\Coverity\Coverity Analysis\jre10\bin\msvcp120.dll
0x0000000065170000 - 0x0000000065be0000 	D:\Program Files\Coverity\Coverity Analysis\jre10\bin\server\jvm.dll
0x00007ffdb6f20000 - 0x00007ffdb6f28000 	C:\Windows\System32\PSAPI.DLL
0x00007ffda12b0000 - 0x00007ffda12b9000 	C:\Windows\SYSTEM32\WSOCK32.dll
0x00007ffdab320000 - 0x00007ffdab343000 	C:\Windows\SYSTEM32\WINMM.dll
0x00007ffdb56e0000 - 0x00007ffdb574c000 	C:\Windows\System32\WS2_32.dll
0x00007ffdab140000 - 0x00007ffdab16a000 	C:\Windows\SYSTEM32\winmmbase.dll
0x00007ffdb3330000 - 0x00007ffdb3379000 	C:\Windows\System32\cfgmgr32.dll
0x00007ffdada20000 - 0x00007ffdada2f000 	D:\Program Files\Coverity\Coverity Analysis\jre10\bin\verify.dll
0x00007ffdb1cb0000 - 0x00007ffdb1e79000 	C:\Windows\SYSTEM32\DBGHELP.DLL
0x00007ffd9dc00000 - 0x00007ffd9dc29000 	C:\Windows\SYSTEM32\dbgcore.DLL
0x00007ffda6840000 - 0x00007ffda6867000 	D:\Program Files\Coverity\Coverity Analysis\jre10\bin\java.dll
0x00007ffda7490000 - 0x00007ffda74a6000 	D:\Program Files\Coverity\Coverity Analysis\jre10\bin\zip.dll
0x00007ffdad570000 - 0x00007ffdad57a000 	D:\Program Files\Coverity\Coverity Analysis\jre10\bin\jimage.dll

dbghelp: loaded successfully - version: 4.0.5 - missing functions: none
symbol engine: initialized successfully - sym options: 0x614 - pdb path: .;D:\Program Files\Coverity\Coverity Analysis\jre10\bin;C:\Windows\SYSTEM32;C:\Windows\WinSxS\amd64_microsoft.windows.common-controls_6595b64144ccf1df_6.0.17134.407_none_fb449d63306391e9;D:\Program Files\Coverity\Coverity Analysis\jre10\bin\server

VM Arguments:
jvm_args: -Xmx16m -Xms16m -Xint -Xnoclassgc 
java_command: D:\Program Files\Coverity\Coverity Analysis\jars\show-version.jar
java_class_path (initial): D:\Program Files\Coverity\Coverity Analysis\jars\show-version.jar
Launcher Type: SUN_STANDARD

Logging:
Log output configuration:
#0: stdout all=warning uptime,level,tags
#1: stderr all=off uptime,level,tags

Environment Variables:
JAVA_HOME=C:\Program Files\Java\jdk1.8.0_191
PATH=D:/Program Files/Coverity/Coverity Analysis/bin;D:\Program Files\cmder\bin;D:\Program Files\cmder\vendor\bin;D:\Program Files\cmder\vendor\conemu-maximus5\ConEmu\Scripts;D:\Program Files\cmder\vendor\conemu-maximus5;D:\Program Files\cmder\vendor\conemu-maximus5\ConEmu;C:\Program Files (x86)\Common Files\Oracle\Java\javapath;C:\Program Files (x86)\Intel\iCLS Client\;C:\Program Files\Intel\iCLS Client\;C:\Windows\system32;C:\Windows;C:\Windows\System32\Wbem;C:\Windows\System32\WindowsPowerShell\v1.0\;C:\Windows\System32\OpenSSH\;C:\Program Files (x86)\Intel\Intel(R) Management Engine Components\DAL;C:\Program Files\Intel\Intel(R) Management Engine Components\DAL;C:\Program Files (x86)\Intel\Intel(R) Management Engine Components\IPT;C:\Program Files\Intel\Intel(R) Management Engine Components\IPT;C:\Program Files (x86)\NVIDIA Corporation\PhysX\Common;C:\Program Files\dotnet\;D:\Program Files\cmder;D:\WindowsApps\apache-maven-3.6.0\bin;D:\Program Files\apache-maven-3.6.0\bin;D:\Program Files\Coverity\Coverity Platform\bin;D:\Program Files\Coverity\Coverity Analysis\bin;C:\Program Files\Java\jdk1.8.0_191\bin;C:\Users\FCBr Arthur\AppData\Local\Microsoft\WindowsApps;C:\Program Files\Java\jdk1.8.0_191\bin;D:\Program Files\cmder\vendor\git-for-windows\cmd;D:\Program Files\cmder\vendor\git-for-windows\mingw64\bin;D:\Program Files\cmder\vendor\git-for-windows\usr\bin;D:\Program Files\cmder;D:\Program Files\Coverity\Coverity Analysis\jars
USERNAME=FCBr Arthur
OS=Windows_NT
PROCESSOR_IDENTIFIER=Intel64 Family 6 Model 142 Stepping 10, GenuineIntel



---------------  S Y S T E M  ---------------

OS: Windows 10 , 64 bit Build 17134 (10.0.17134.1)

CPU:total 8 (initial active 8) (4 cores per cpu, 2 threads per core) family 6 model 142 stepping 10, cmov, cx8, fxsr, mmx, sse, sse2, sse3, ssse3, sse4.1, sse4.2, popcnt, avx, avx2, aes, clmul, erms, 3dnowpref, lzcnt, ht, tsc, tscinvbit, bmi1, bmi2, adx, fma

Memory: 4k page, physical 16672068k(462308k free), swap 30288320k(8956k free)

vm_info: Java HotSpot(TM) 64-Bit Server VM (10.0.1+10) for windows-amd64 JRE (10.0.1+10), built on Mar 27 2018 02:27:48 by "mach5one" with MS VC++ 12.0 (VS2013)

END.
